INFO [acme.Launcher] Starting Launcher using Java 1.8.0_281 on LAPTOP-AleUniversidad with PID 6288 (C:\Users\aleru\OneDrive\Escritorio\Universidad\Asignaturas\Tercero\Diseno y Pruebas 2\Workspace-21.1\Projects\Acme-Planner\target\classes started by aleru in C:\Users\aleru\OneDrive\Escritorio\Universidad\Asignaturas\Tercero\Diseno y Pruebas 2\Workspace-21.1\Projects\Acme-Planner)
INFO [acme.Launcher] The following profiles are active: development,populator
INFO [acme.Launcher] Started Launcher in 32.535 seconds (JVM running for 35.775)
INFO [acme.framework.utilities.DatabasePopulator] Populating initial data
INFO [acme.framework.utilities.DatabasePopulator] Recreating schema
INFO [acme.framework.utilities.DatabasePopulator] Populating entities from classpath:/WEB-INF/population/initial-data.xml
INFO [acme.framework.utilities.DatabasePopulator] Validating your entities.
INFO [acme.framework.utilities.DatabasePopulator] Validating anonymousUserAccount ... PASS
INFO [acme.framework.utilities.DatabasePopulator] Validating anonymousAnonymous ... PASS
INFO [acme.framework.utilities.DatabasePopulator] Validating administratorUserAccount ... PASS
INFO [acme.framework.utilities.DatabasePopulator] Validating administratorAdministrator ... PASS
INFO [acme.framework.utilities.DatabasePopulator] Validating administratorAuthenticated ... PASS
INFO [acme.framework.utilities.DatabasePopulator] Sorting your entities topologically.
INFO [acme.framework.utilities.DatabasePopulator] > Setting index 0 for anonymousUserAccount.
INFO [acme.framework.utilities.DatabasePopulator] > Setting index 1 for anonymousAnonymous.
INFO [acme.framework.utilities.DatabasePopulator] > Setting index 2 for administratorUserAccount.
INFO [acme.framework.utilities.DatabasePopulator] > Setting index 3 for administratorAdministrator.
INFO [acme.framework.utilities.DatabasePopulator] > Setting index 4 for administratorAuthenticated.
INFO [acme.framework.utilities.DatabasePopulator] Persiting your entities.
INFO [acme.framework.utilities.DatabasePopulator] > Persisting anonymousUserAccount = acme.framework.entities.UserAccount{id=1, version=0}
INFO [acme.framework.utilities.DatabasePopulator] > Persisting anonymousAnonymous = acme.framework.entities.Anonymous{id=2, version=0}
INFO [acme.framework.utilities.DatabasePopulator] > Persisting administratorUserAccount = acme.framework.entities.UserAccount{id=3, version=0}
INFO [acme.framework.utilities.DatabasePopulator] > Persisting administratorAdministrator = acme.framework.entities.Administrator{id=4, version=0}
INFO [acme.framework.utilities.DatabasePopulator] > Persisting administratorAuthenticated = acme.framework.entities.Authenticated{id=5, version=0}
INFO [acme.framework.configuration.ShutdownConfiguration] The system is shutting down...
INFO [acme.Launcher] Starting Launcher using Java 1.8.0_281 on LAPTOP-AleUniversidad with PID 15916 (C:\Users\aleru\OneDrive\Escritorio\Universidad\Asignaturas\Tercero\Diseno y Pruebas 2\Workspace-21.1\Projects\Acme-Planner\target\classes started by aleru in C:\Users\aleru\OneDrive\Escritorio\Universidad\Asignaturas\Tercero\Diseno y Pruebas 2\Workspace-21.1\Projects\Acme-Planner)
INFO [acme.Launcher] The following profiles are active: development,populator
INFO [acme.Launcher] Started Launcher in 37.517 seconds (JVM running for 43.326)
INFO [acme.framework.utilities.DatabasePopulator] Populating sample data
INFO [acme.framework.utilities.DatabasePopulator] Recreating schema
INFO [acme.framework.utilities.DatabasePopulator] Populating entities from classpath:/WEB-INF/population/initial-data.xml
INFO [acme.framework.utilities.DatabasePopulator] Validating your entities.
INFO [acme.framework.utilities.DatabasePopulator] Validating anonymousUserAccount ... PASS
INFO [acme.framework.utilities.DatabasePopulator] Validating anonymousAnonymous ... PASS
INFO [acme.framework.utilities.DatabasePopulator] Validating administratorUserAccount ... PASS
INFO [acme.framework.utilities.DatabasePopulator] Validating administratorAdministrator ... PASS
INFO [acme.framework.utilities.DatabasePopulator] Validating administratorAuthenticated ... PASS
INFO [acme.framework.utilities.DatabasePopulator] Sorting your entities topologically.
INFO [acme.framework.utilities.DatabasePopulator] > Setting index 0 for anonymousUserAccount.
INFO [acme.framework.utilities.DatabasePopulator] > Setting index 1 for anonymousAnonymous.
INFO [acme.framework.utilities.DatabasePopulator] > Setting index 2 for administratorUserAccount.
INFO [acme.framework.utilities.DatabasePopulator] > Setting index 3 for administratorAdministrator.
INFO [acme.framework.utilities.DatabasePopulator] > Setting index 4 for administratorAuthenticated.
INFO [acme.framework.utilities.DatabasePopulator] Persiting your entities.
INFO [acme.framework.utilities.DatabasePopulator] > Persisting anonymousUserAccount = acme.framework.entities.UserAccount{id=1, version=0}
INFO [acme.framework.utilities.DatabasePopulator] > Persisting anonymousAnonymous = acme.framework.entities.Anonymous{id=2, version=0}
INFO [acme.framework.utilities.DatabasePopulator] > Persisting administratorUserAccount = acme.framework.entities.UserAccount{id=3, version=0}
INFO [acme.framework.utilities.DatabasePopulator] > Persisting administratorAdministrator = acme.framework.entities.Administrator{id=4, version=0}
INFO [acme.framework.utilities.DatabasePopulator] > Persisting administratorAuthenticated = acme.framework.entities.Authenticated{id=5, version=0}
INFO [acme.framework.utilities.DatabasePopulator] Populating entities from classpath:/WEB-INF/population/sample-data.xml
INFO [acme.framework.configuration.ShutdownConfiguration] The system is shutting down...
INFO [acme.Launcher] Starting Launcher using Java 1.8.0_281 on LAPTOP-AleUniversidad with PID 2448 (C:\Users\aleru\OneDrive\Escritorio\Universidad\Asignaturas\Tercero\Diseno y Pruebas 2\Workspace-21.1\Projects\Acme-Planner\target\classes started by aleru in C:\Users\aleru\OneDrive\Escritorio\Universidad\Asignaturas\Tercero\Diseno y Pruebas 2\Workspace-21.1\Projects\Acme-Planner)
INFO [acme.Launcher] The following profiles are active: development,populator
INFO [acme.Launcher] Started Launcher in 29.749 seconds (JVM running for 32.199)
INFO [acme.framework.utilities.DatabasePopulator] Populating sample data
INFO [acme.framework.utilities.DatabasePopulator] Recreating schema
INFO [acme.framework.utilities.DatabasePopulator] Populating entities from classpath:/WEB-INF/population/initial-data.xml
INFO [acme.framework.utilities.DatabasePopulator] Validating your entities.
INFO [acme.framework.utilities.DatabasePopulator] Validating anonymousUserAccount ... PASS
INFO [acme.framework.utilities.DatabasePopulator] Validating anonymousAnonymous ... PASS
INFO [acme.framework.utilities.DatabasePopulator] Validating administratorUserAccount ... PASS
INFO [acme.framework.utilities.DatabasePopulator] Validating administratorAdministrator ... PASS
INFO [acme.framework.utilities.DatabasePopulator] Validating administratorAuthenticated ... PASS
INFO [acme.framework.utilities.DatabasePopulator] Sorting your entities topologically.
INFO [acme.framework.utilities.DatabasePopulator] > Setting index 0 for anonymousUserAccount.
INFO [acme.framework.utilities.DatabasePopulator] > Setting index 1 for anonymousAnonymous.
INFO [acme.framework.utilities.DatabasePopulator] > Setting index 2 for administratorUserAccount.
INFO [acme.framework.utilities.DatabasePopulator] > Setting index 3 for administratorAdministrator.
INFO [acme.framework.utilities.DatabasePopulator] > Setting index 4 for administratorAuthenticated.
INFO [acme.framework.utilities.DatabasePopulator] Persiting your entities.
INFO [acme.framework.utilities.DatabasePopulator] > Persisting anonymousUserAccount = acme.framework.entities.UserAccount{id=1, version=0}
INFO [acme.framework.utilities.DatabasePopulator] > Persisting anonymousAnonymous = acme.framework.entities.Anonymous{id=2, version=0}
INFO [acme.framework.utilities.DatabasePopulator] > Persisting administratorUserAccount = acme.framework.entities.UserAccount{id=3, version=0}
INFO [acme.framework.utilities.DatabasePopulator] > Persisting administratorAdministrator = acme.framework.entities.Administrator{id=4, version=0}
INFO [acme.framework.utilities.DatabasePopulator] > Persisting administratorAuthenticated = acme.framework.entities.Authenticated{id=5, version=0}
INFO [acme.framework.utilities.DatabasePopulator] Populating entities from classpath:/WEB-INF/population/sample-data.xml
INFO [acme.framework.configuration.ShutdownConfiguration] The system is shutting down...
INFO [acme.Launcher] Starting Launcher using Java 1.8.0_281 on LAPTOP-AleUniversidad with PID 3256 (C:\Users\aleru\OneDrive\Escritorio\Universidad\Asignaturas\Tercero\Diseno y Pruebas 2\Workspace-21.1\Projects\Acme-Planner\target\classes started by aleru in C:\Users\aleru\OneDrive\Escritorio\Universidad\Asignaturas\Tercero\Diseno y Pruebas 2\Workspace-21.1\Projects\Acme-Planner)
INFO [acme.Launcher] The following profiles are active: development,populator
INFO [acme.Launcher] Started Launcher in 27.582 seconds (JVM running for 30.405)
INFO [acme.framework.utilities.DatabasePopulator] Populating sample data
INFO [acme.framework.utilities.DatabasePopulator] Recreating schema
INFO [acme.framework.utilities.DatabasePopulator] Populating entities from classpath:/WEB-INF/population/initial-data.xml
INFO [acme.framework.utilities.DatabasePopulator] Validating your entities.
INFO [acme.framework.utilities.DatabasePopulator] Validating anonymousUserAccount ... PASS
INFO [acme.framework.utilities.DatabasePopulator] Validating anonymousAnonymous ... PASS
INFO [acme.framework.utilities.DatabasePopulator] Validating administratorUserAccount ... PASS
INFO [acme.framework.utilities.DatabasePopulator] Validating administratorAdministrator ... PASS
INFO [acme.framework.utilities.DatabasePopulator] Validating administratorAuthenticated ... PASS
INFO [acme.framework.utilities.DatabasePopulator] Sorting your entities topologically.
INFO [acme.framework.utilities.DatabasePopulator] > Setting index 0 for anonymousUserAccount.
INFO [acme.framework.utilities.DatabasePopulator] > Setting index 1 for anonymousAnonymous.
INFO [acme.framework.utilities.DatabasePopulator] > Setting index 2 for administratorUserAccount.
INFO [acme.framework.utilities.DatabasePopulator] > Setting index 3 for administratorAdministrator.
INFO [acme.framework.utilities.DatabasePopulator] > Setting index 4 for administratorAuthenticated.
INFO [acme.framework.utilities.DatabasePopulator] Persiting your entities.
INFO [acme.framework.utilities.DatabasePopulator] > Persisting anonymousUserAccount = acme.framework.entities.UserAccount{id=1, version=0}
INFO [acme.framework.utilities.DatabasePopulator] > Persisting anonymousAnonymous = acme.framework.entities.Anonymous{id=2, version=0}
INFO [acme.framework.utilities.DatabasePopulator] > Persisting administratorUserAccount = acme.framework.entities.UserAccount{id=3, version=0}
INFO [acme.framework.utilities.DatabasePopulator] > Persisting administratorAdministrator = acme.framework.entities.Administrator{id=4, version=0}
INFO [acme.framework.utilities.DatabasePopulator] > Persisting administratorAuthenticated = acme.framework.entities.Authenticated{id=5, version=0}
INFO [acme.framework.utilities.DatabasePopulator] Populating entities from classpath:/WEB-INF/population/sample-data.xml
INFO [acme.framework.utilities.DatabasePopulator] Validating your entities.
INFO [acme.framework.utilities.DatabasePopulator] Validating spam ... PASS
INFO [acme.framework.utilities.DatabasePopulator] Validating spamWord1 ... PASS
INFO [acme.framework.utilities.DatabasePopulator] Validating spamWord2 ... PASS
INFO [acme.framework.utilities.DatabasePopulator] Sorting your entities topologically.
INFO [acme.framework.utilities.DatabasePopulator] > Setting index 0 for spam.
INFO [acme.framework.utilities.DatabasePopulator] > Setting index 1 for spamWord1.
INFO [acme.framework.utilities.DatabasePopulator] > Setting index 2 for spamWord2.
INFO [acme.framework.utilities.DatabasePopulator] Persiting your entities.
INFO [acme.framework.utilities.DatabasePopulator] > Persisting spam = acme.entities.spam.Spam{id=6, version=0}
INFO [acme.framework.utilities.DatabasePopulator] > Persisting spamWord1 = acme.entities.spam.SpamWord{id=7, version=0}
INFO [acme.framework.utilities.DatabasePopulator] > Persisting spamWord2 = acme.entities.spam.SpamWord{id=8, version=0}
INFO [acme.framework.configuration.ShutdownConfiguration] The system is shutting down...
INFO [acme.Launcher] Starting Launcher using Java 1.8.0_281 on LAPTOP-AleUniversidad with PID 9328 (C:\Users\aleru\OneDrive\Escritorio\Universidad\Asignaturas\Tercero\Diseno y Pruebas 2\Workspace-21.1\Projects\Acme-Planner\target\classes started by aleru in C:\Users\aleru\OneDrive\Escritorio\Universidad\Asignaturas\Tercero\Diseno y Pruebas 2\Workspace-21.1\Projects\Acme-Planner)
INFO [acme.Launcher] The following profiles are active: development,populator
INFO [acme.Launcher] Started Launcher in 35.036 seconds (JVM running for 38.844)
INFO [acme.framework.utilities.DatabasePopulator] Populating sample data
INFO [acme.framework.utilities.DatabasePopulator] Recreating schema
INFO [acme.framework.utilities.DatabasePopulator] Populating entities from classpath:/WEB-INF/population/initial-data.xml
INFO [acme.framework.utilities.DatabasePopulator] Validating your entities.
INFO [acme.framework.utilities.DatabasePopulator] Validating anonymousUserAccount ... PASS
INFO [acme.framework.utilities.DatabasePopulator] Validating anonymousAnonymous ... PASS
INFO [acme.framework.utilities.DatabasePopulator] Validating administratorUserAccount ... PASS
INFO [acme.framework.utilities.DatabasePopulator] Validating administratorAdministrator ... PASS
INFO [acme.framework.utilities.DatabasePopulator] Validating administratorAuthenticated ... PASS
INFO [acme.framework.utilities.DatabasePopulator] Sorting your entities topologically.
INFO [acme.framework.utilities.DatabasePopulator] > Setting index 0 for anonymousUserAccount.
INFO [acme.framework.utilities.DatabasePopulator] > Setting index 1 for anonymousAnonymous.
INFO [acme.framework.utilities.DatabasePopulator] > Setting index 2 for administratorUserAccount.
INFO [acme.framework.utilities.DatabasePopulator] > Setting index 3 for administratorAdministrator.
INFO [acme.framework.utilities.DatabasePopulator] > Setting index 4 for administratorAuthenticated.
INFO [acme.framework.utilities.DatabasePopulator] Persiting your entities.
INFO [acme.framework.utilities.DatabasePopulator] > Persisting anonymousUserAccount = acme.framework.entities.UserAccount{id=1, version=0}
INFO [acme.framework.utilities.DatabasePopulator] > Persisting anonymousAnonymous = acme.framework.entities.Anonymous{id=2, version=0}
INFO [acme.framework.utilities.DatabasePopulator] > Persisting administratorUserAccount = acme.framework.entities.UserAccount{id=3, version=0}
INFO [acme.framework.utilities.DatabasePopulator] > Persisting administratorAdministrator = acme.framework.entities.Administrator{id=4, version=0}
INFO [acme.framework.utilities.DatabasePopulator] > Persisting administratorAuthenticated = acme.framework.entities.Authenticated{id=5, version=0}
INFO [acme.framework.utilities.DatabasePopulator] Populating entities from classpath:/WEB-INF/population/sample-data.xml
INFO [acme.framework.utilities.DatabasePopulator] Validating your entities.
INFO [acme.framework.utilities.DatabasePopulator] Validating spam ... PASS
INFO [acme.framework.utilities.DatabasePopulator] Validating spamWord1 ... PASS
INFO [acme.framework.utilities.DatabasePopulator] Validating spamWord2 ... PASS
INFO [acme.framework.utilities.DatabasePopulator] Validating spamWord3 ... PASS
INFO [acme.framework.utilities.DatabasePopulator] Validating spamWord4 ... PASS
INFO [acme.framework.utilities.DatabasePopulator] Validating spamWord5 ... PASS
INFO [acme.framework.utilities.DatabasePopulator] Validating spamWord6 ... PASS
INFO [acme.framework.utilities.DatabasePopulator] Validating spamWord7 ... PASS
INFO [acme.framework.utilities.DatabasePopulator] Validating spamWord8 ... PASS
INFO [acme.framework.utilities.DatabasePopulator] Validating spamWord9 ... PASS
INFO [acme.framework.utilities.DatabasePopulator] Validating spamWord10 ... PASS
INFO [acme.framework.utilities.DatabasePopulator] Validating spamWord11 ... PASS
INFO [acme.framework.utilities.DatabasePopulator] Sorting your entities topologically.
INFO [acme.framework.utilities.DatabasePopulator] > Setting index 0 for spam.
INFO [acme.framework.utilities.DatabasePopulator] > Setting index 1 for spamWord1.
INFO [acme.framework.utilities.DatabasePopulator] > Setting index 2 for spamWord2.
INFO [acme.framework.utilities.DatabasePopulator] > Setting index 3 for spamWord3.
INFO [acme.framework.utilities.DatabasePopulator] > Setting index 4 for spamWord4.
INFO [acme.framework.utilities.DatabasePopulator] > Setting index 5 for spamWord5.
INFO [acme.framework.utilities.DatabasePopulator] > Setting index 6 for spamWord6.
INFO [acme.framework.utilities.DatabasePopulator] > Setting index 7 for spamWord7.
INFO [acme.framework.utilities.DatabasePopulator] > Setting index 8 for spamWord8.
INFO [acme.framework.utilities.DatabasePopulator] > Setting index 9 for spamWord9.
INFO [acme.framework.utilities.DatabasePopulator] > Setting index 10 for spamWord10.
INFO [acme.framework.utilities.DatabasePopulator] > Setting index 11 for spamWord11.
INFO [acme.framework.utilities.DatabasePopulator] Persiting your entities.
INFO [acme.framework.utilities.DatabasePopulator] > Persisting spam = acme.entities.spam.Spam{id=6, version=0}
INFO [acme.framework.utilities.DatabasePopulator] > Persisting spamWord1 = acme.entities.spam.SpamWord{id=7, version=0}
INFO [acme.framework.utilities.DatabasePopulator] > Persisting spamWord2 = acme.entities.spam.SpamWord{id=8, version=0}
INFO [acme.framework.utilities.DatabasePopulator] > Persisting spamWord3 = acme.entities.spam.SpamWord{id=9, version=0}
INFO [acme.framework.utilities.DatabasePopulator] > Persisting spamWord4 = acme.entities.spam.SpamWord{id=10, version=0}
INFO [acme.framework.utilities.DatabasePopulator] > Persisting spamWord5 = acme.entities.spam.SpamWord{id=11, version=0}
INFO [acme.framework.utilities.DatabasePopulator] > Persisting spamWord6 = acme.entities.spam.SpamWord{id=12, version=0}
INFO [acme.framework.utilities.DatabasePopulator] > Persisting spamWord7 = acme.entities.spam.SpamWord{id=13, version=0}
INFO [acme.framework.utilities.DatabasePopulator] > Persisting spamWord8 = acme.entities.spam.SpamWord{id=14, version=0}
INFO [acme.framework.utilities.DatabasePopulator] > Persisting spamWord9 = acme.entities.spam.SpamWord{id=15, version=0}
INFO [acme.framework.utilities.DatabasePopulator] > Persisting spamWord10 = acme.entities.spam.SpamWord{id=16, version=0}
INFO [acme.framework.utilities.DatabasePopulator] > Persisting spamWord11 = acme.entities.spam.SpamWord{id=17, version=0}
INFO [acme.framework.configuration.ShutdownConfiguration] The system is shutting down...
INFO [acme.Launcher] Starting Launcher using Java 1.8.0_281 on LAPTOP-AleUniversidad with PID 8172 (C:\Users\aleru\OneDrive\Escritorio\Universidad\Asignaturas\Tercero\Diseno y Pruebas 2\Workspace-21.1\Projects\Acme-Planner\target\classes started by aleru in C:\Users\aleru\OneDrive\Escritorio\Universidad\Asignaturas\Tercero\Diseno y Pruebas 2\Workspace-21.1\Projects\Acme-Planner)
INFO [acme.Launcher] The following profiles are active: development,populator
INFO [acme.Launcher] Started Launcher in 19.647 seconds (JVM running for 22.407)
INFO [acme.framework.utilities.DatabasePopulator] Populating initial data
INFO [acme.framework.utilities.DatabasePopulator] Recreating schema
INFO [acme.framework.utilities.DatabasePopulator] Populating entities from classpath:/WEB-INF/population/initial-data.xml
INFO [acme.framework.utilities.DatabasePopulator] Validating your entities.
INFO [acme.framework.utilities.DatabasePopulator] Validating anonymousUserAccount ... PASS
INFO [acme.framework.utilities.DatabasePopulator] Validating anonymousAnonymous ... PASS
INFO [acme.framework.utilities.DatabasePopulator] Validating administratorUserAccount ... PASS
INFO [acme.framework.utilities.DatabasePopulator] Validating administratorAdministrator ... PASS
INFO [acme.framework.utilities.DatabasePopulator] Validating administratorAuthenticated ... PASS
INFO [acme.framework.utilities.DatabasePopulator] Sorting your entities topologically.
INFO [acme.framework.utilities.DatabasePopulator] > Setting index 0 for anonymousUserAccount.
INFO [acme.framework.utilities.DatabasePopulator] > Setting index 1 for anonymousAnonymous.
INFO [acme.framework.utilities.DatabasePopulator] > Setting index 2 for administratorUserAccount.
INFO [acme.framework.utilities.DatabasePopulator] > Setting index 3 for administratorAdministrator.
INFO [acme.framework.utilities.DatabasePopulator] > Setting index 4 for administratorAuthenticated.
INFO [acme.framework.utilities.DatabasePopulator] Persiting your entities.
INFO [acme.framework.utilities.DatabasePopulator] > Persisting anonymousUserAccount = acme.framework.entities.UserAccount{id=1, version=0}
INFO [acme.framework.utilities.DatabasePopulator] > Persisting anonymousAnonymous = acme.framework.entities.Anonymous{id=2, version=0}
INFO [acme.framework.utilities.DatabasePopulator] > Persisting administratorUserAccount = acme.framework.entities.UserAccount{id=3, version=0}
INFO [acme.framework.utilities.DatabasePopulator] > Persisting administratorAdministrator = acme.framework.entities.Administrator{id=4, version=0}
INFO [acme.framework.utilities.DatabasePopulator] > Persisting administratorAuthenticated = acme.framework.entities.Authenticated{id=5, version=0}
INFO [acme.framework.configuration.ShutdownConfiguration] The system is shutting down...
ERROR [org.apache.catalina.core.ContainerBase.[Tomcat].[localhost].[/Acme-Planner].[jsp]] at org.apache.jasper.compiler.DefaultErrorHandler.jspError(DefaultErrorHandler.java:42): /WEB-INF/views/anonymous/shout/list.jsp (line: [7], column: [81]) quote symbol expected
ERROR [org.apache.catalina.core.ContainerBase.[Tomcat].[localhost].[/Acme-Planner].[jsp]] at org.apache.tiles.request.servlet.ServletUtil.wrapServletException(ServletUtil.java:63): JSPException including path '../anonymous/shout/list.jsp'.
at org.apache.jasper.compiler.DefaultErrorHandler.jspError(DefaultErrorHandler.java:42): /WEB-INF/views/anonymous/shout/list.jsp (line: [7], column: [81]) quote symbol expected
ERROR [org.apache.catalina.core.ContainerBase.[Tomcat].[localhost].[/Acme-Planner].[dispatcherServlet]] at org.apache.jasper.compiler.DefaultErrorHandler.jspError(DefaultErrorHandler.java:42): /WEB-INF/views/anonymous/shout/list.jsp (line: [7], column: [81]) quote symbol expected
ERROR [org.apache.jsp.WEB_002dINF.views.framework.panic_jsp] HTTP GET /Acme-Planner/master/panic HTTP/1.1
ERROR [org.apache.jsp.WEB_002dINF.views.framework.panic_jsp] Status: 500
ERROR [org.apache.jsp.WEB_002dINF.views.framework.panic_jsp] Exception: org.springframework.web.servlet.FrameworkServlet.processRequest(FrameworkServlet.java:1014): Request processing failed; nested exception is org.apache.tiles.request.render.CannotRenderException: JSPException including path '../anonymous/shout/list.jsp'.
org.apache.tiles.impl.BasicTilesContainer.render(BasicTilesContainer.java:399): JSPException including path '../anonymous/shout/list.jsp'.
org.apache.tiles.request.servlet.ServletUtil.wrapServletException(ServletUtil.java:63): JSPException including path '../anonymous/shout/list.jsp'.
org.apache.jasper.compiler.DefaultErrorHandler.jspError(DefaultErrorHandler.java:42): /WEB-INF/views/anonymous/shout/list.jsp (line: [7], column: [81]) quote symbol expected
ERROR [org.apache.catalina.core.ContainerBase.[Tomcat].[localhost].[/Acme-Planner].[jsp]] at org.apache.jasper.compiler.DefaultErrorHandler.jspError(DefaultErrorHandler.java:42): /WEB-INF/views/anonymous/shout/list.jsp (line: [7], column: [81]) quote symbol expected
ERROR [org.apache.catalina.core.ContainerBase.[Tomcat].[localhost].[/Acme-Planner].[jsp]] at org.apache.tiles.request.servlet.ServletUtil.wrapServletException(ServletUtil.java:63): JSPException including path '../anonymous/shout/list.jsp'.
at org.apache.jasper.compiler.DefaultErrorHandler.jspError(DefaultErrorHandler.java:42): /WEB-INF/views/anonymous/shout/list.jsp (line: [7], column: [81]) quote symbol expected
ERROR [org.apache.catalina.core.ContainerBase.[Tomcat].[localhost].[/Acme-Planner].[dispatcherServlet]] at org.apache.jasper.compiler.DefaultErrorHandler.jspError(DefaultErrorHandler.java:42): /WEB-INF/views/anonymous/shout/list.jsp (line: [7], column: [81]) quote symbol expected
ERROR [org.apache.jsp.WEB_002dINF.views.framework.panic_jsp] HTTP GET /Acme-Planner/master/panic HTTP/1.1
ERROR [org.apache.jsp.WEB_002dINF.views.framework.panic_jsp] Status: 500
ERROR [org.apache.jsp.WEB_002dINF.views.framework.panic_jsp] Exception: org.springframework.web.servlet.FrameworkServlet.processRequest(FrameworkServlet.java:1014): Request processing failed; nested exception is org.apache.tiles.request.render.CannotRenderException: JSPException including path '../anonymous/shout/list.jsp'.
org.apache.tiles.impl.BasicTilesContainer.render(BasicTilesContainer.java:399): JSPException including path '../anonymous/shout/list.jsp'.
org.apache.tiles.request.servlet.ServletUtil.wrapServletException(ServletUtil.java:63): JSPException including path '../anonymous/shout/list.jsp'.
org.apache.jasper.compiler.DefaultErrorHandler.jspError(DefaultErrorHandler.java:42): /WEB-INF/views/anonymous/shout/list.jsp (line: [7], column: [81]) quote symbol expected
ERROR [org.apache.catalina.core.ContainerBase.[Tomcat].[localhost].[/Acme-Planner].[jsp]] at org.apache.jasper.compiler.DefaultErrorHandler.jspError(DefaultErrorHandler.java:42): /WEB-INF/views/anonymous/shout/list.jsp (line: [7], column: [81]) quote symbol expected
ERROR [org.apache.catalina.core.ContainerBase.[Tomcat].[localhost].[/Acme-Planner].[jsp]] at org.apache.tiles.request.servlet.ServletUtil.wrapServletException(ServletUtil.java:63): JSPException including path '../anonymous/shout/list.jsp'.
at org.apache.jasper.compiler.DefaultErrorHandler.jspError(DefaultErrorHandler.java:42): /WEB-INF/views/anonymous/shout/list.jsp (line: [7], column: [81]) quote symbol expected
ERROR [org.apache.catalina.core.ContainerBase.[Tomcat].[localhost].[/Acme-Planner].[dispatcherServlet]] at org.apache.jasper.compiler.DefaultErrorHandler.jspError(DefaultErrorHandler.java:42): /WEB-INF/views/anonymous/shout/list.jsp (line: [7], column: [81]) quote symbol expected
ERROR [org.apache.jsp.WEB_002dINF.views.framework.panic_jsp] HTTP GET /Acme-Planner/master/panic HTTP/1.1
ERROR [org.apache.jsp.WEB_002dINF.views.framework.panic_jsp] Status: 500
ERROR [org.apache.jsp.WEB_002dINF.views.framework.panic_jsp] Exception: org.springframework.web.servlet.FrameworkServlet.processRequest(FrameworkServlet.java:1014): Request processing failed; nested exception is org.apache.tiles.request.render.CannotRenderException: JSPException including path '../anonymous/shout/list.jsp'.
org.apache.tiles.impl.BasicTilesContainer.render(BasicTilesContainer.java:399): JSPException including path '../anonymous/shout/list.jsp'.
org.apache.tiles.request.servlet.ServletUtil.wrapServletException(ServletUtil.java:63): JSPException including path '../anonymous/shout/list.jsp'.
org.apache.jasper.compiler.DefaultErrorHandler.jspError(DefaultErrorHandler.java:42): /WEB-INF/views/anonymous/shout/list.jsp (line: [7], column: [81]) quote symbol expected
INFO [acme.Launcher] Starting Launcher using Java 1.8.0_281 on LAPTOP-AleUniversidad with PID 10224 (C:\Users\aleru\OneDrive\Escritorio\Universidad\Asignaturas\Tercero\Diseno y Pruebas 2\Workspace-21.1\Projects\Acme-Planner\target\classes started by aleru in C:\Users\aleru\OneDrive\Escritorio\Universidad\Asignaturas\Tercero\Diseno y Pruebas 2\Workspace-21.1\Projects\Acme-Planner)
INFO [acme.Launcher] The following profiles are active: development,populator
INFO [acme.Launcher] Started Launcher in 25.294 seconds (JVM running for 27.627)
INFO [acme.framework.utilities.DatabasePopulator] Populating sample data
INFO [acme.framework.utilities.DatabasePopulator] Recreating schema
INFO [acme.framework.utilities.DatabasePopulator] Populating entities from classpath:/WEB-INF/population/initial-data.xml
INFO [acme.framework.utilities.DatabasePopulator] Validating your entities.
INFO [acme.framework.utilities.DatabasePopulator] Validating anonymousUserAccount ... PASS
INFO [acme.framework.utilities.DatabasePopulator] Validating anonymousAnonymous ... PASS
INFO [acme.framework.utilities.DatabasePopulator] Validating administratorUserAccount ... PASS
INFO [acme.framework.utilities.DatabasePopulator] Validating administratorAdministrator ... PASS
INFO [acme.framework.utilities.DatabasePopulator] Validating administratorAuthenticated ... PASS
INFO [acme.framework.utilities.DatabasePopulator] Sorting your entities topologically.
INFO [acme.framework.utilities.DatabasePopulator] > Setting index 0 for anonymousUserAccount.
INFO [acme.framework.utilities.DatabasePopulator] > Setting index 1 for anonymousAnonymous.
INFO [acme.framework.utilities.DatabasePopulator] > Setting index 2 for administratorUserAccount.
INFO [acme.framework.utilities.DatabasePopulator] > Setting index 3 for administratorAdministrator.
INFO [acme.framework.utilities.DatabasePopulator] > Setting index 4 for administratorAuthenticated.
INFO [acme.framework.utilities.DatabasePopulator] Persiting your entities.
INFO [acme.framework.utilities.DatabasePopulator] > Persisting anonymousUserAccount = acme.framework.entities.UserAccount{id=1, version=0}
INFO [acme.framework.utilities.DatabasePopulator] > Persisting anonymousAnonymous = acme.framework.entities.Anonymous{id=2, version=0}
INFO [acme.framework.utilities.DatabasePopulator] > Persisting administratorUserAccount = acme.framework.entities.UserAccount{id=3, version=0}
INFO [acme.framework.utilities.DatabasePopulator] > Persisting administratorAdministrator = acme.framework.entities.Administrator{id=4, version=0}
INFO [acme.framework.utilities.DatabasePopulator] > Persisting administratorAuthenticated = acme.framework.entities.Authenticated{id=5, version=0}
INFO [acme.framework.utilities.DatabasePopulator] Populating entities from classpath:/WEB-INF/population/sample-data.xml
INFO [acme.framework.configuration.ShutdownConfiguration] The system is shutting down...
INFO [acme.Launcher] Starting Launcher using Java 1.8.0_281 on LAPTOP-AleUniversidad with PID 10048 (C:\Users\aleru\OneDrive\Escritorio\Universidad\Asignaturas\Tercero\Diseno y Pruebas 2\Workspace-21.1\Projects\Acme-Planner\target\classes started by aleru in C:\Users\aleru\OneDrive\Escritorio\Universidad\Asignaturas\Tercero\Diseno y Pruebas 2\Workspace-21.1\Projects\Acme-Planner)
INFO [acme.Launcher] The following profiles are active: development,populator
INFO [acme.Launcher] Started Launcher in 20.72 seconds (JVM running for 22.765)
INFO [acme.framework.utilities.DatabasePopulator] Populating sample data
INFO [acme.framework.utilities.DatabasePopulator] Recreating schema
INFO [acme.framework.utilities.DatabasePopulator] Populating entities from classpath:/WEB-INF/population/initial-data.xml
INFO [acme.framework.utilities.DatabasePopulator] Validating your entities.
INFO [acme.framework.utilities.DatabasePopulator] Validating anonymousUserAccount ... PASS
INFO [acme.framework.utilities.DatabasePopulator] Validating anonymousAnonymous ... PASS
INFO [acme.framework.utilities.DatabasePopulator] Validating administratorUserAccount ... PASS
INFO [acme.framework.utilities.DatabasePopulator] Validating administratorAdministrator ... PASS
INFO [acme.framework.utilities.DatabasePopulator] Validating administratorAuthenticated ... PASS
INFO [acme.framework.utilities.DatabasePopulator] Sorting your entities topologically.
INFO [acme.framework.utilities.DatabasePopulator] > Setting index 0 for anonymousUserAccount.
INFO [acme.framework.utilities.DatabasePopulator] > Setting index 1 for anonymousAnonymous.
INFO [acme.framework.utilities.DatabasePopulator] > Setting index 2 for administratorUserAccount.
INFO [acme.framework.utilities.DatabasePopulator] > Setting index 3 for administratorAdministrator.
INFO [acme.framework.utilities.DatabasePopulator] > Setting index 4 for administratorAuthenticated.
INFO [acme.framework.utilities.DatabasePopulator] Persiting your entities.
INFO [acme.framework.utilities.DatabasePopulator] > Persisting anonymousUserAccount = acme.framework.entities.UserAccount{id=1, version=0}
INFO [acme.framework.utilities.DatabasePopulator] > Persisting anonymousAnonymous = acme.framework.entities.Anonymous{id=2, version=0}
INFO [acme.framework.utilities.DatabasePopulator] > Persisting administratorUserAccount = acme.framework.entities.UserAccount{id=3, version=0}
INFO [acme.framework.utilities.DatabasePopulator] > Persisting administratorAdministrator = acme.framework.entities.Administrator{id=4, version=0}
INFO [acme.framework.utilities.DatabasePopulator] > Persisting administratorAuthenticated = acme.framework.entities.Authenticated{id=5, version=0}
INFO [acme.framework.utilities.DatabasePopulator] Populating entities from classpath:/WEB-INF/population/sample-data.xml
INFO [acme.framework.utilities.DatabasePopulator] Validating your entities.
INFO [acme.framework.utilities.DatabasePopulator] Validating spam ... PASS
INFO [acme.framework.utilities.DatabasePopulator] Validating spamWord1 ... PASS
INFO [acme.framework.utilities.DatabasePopulator] Validating spamWord2 ... PASS
INFO [acme.framework.utilities.DatabasePopulator] Validating spamWord3 ... PASS
INFO [acme.framework.utilities.DatabasePopulator] Validating spamWord4 ... PASS
INFO [acme.framework.utilities.DatabasePopulator] Validating spamWord5 ... PASS
INFO [acme.framework.utilities.DatabasePopulator] Validating spamWord6 ... PASS
INFO [acme.framework.utilities.DatabasePopulator] Validating spamWord7 ... PASS
INFO [acme.framework.utilities.DatabasePopulator] Validating spamWord8 ... PASS
INFO [acme.framework.utilities.DatabasePopulator] Validating spamWord9 ... PASS
INFO [acme.framework.utilities.DatabasePopulator] Validating spamWord10 ... PASS
INFO [acme.framework.utilities.DatabasePopulator] Validating spamWord11 ... PASS
INFO [acme.framework.utilities.DatabasePopulator] Validating task1 ... PASS
INFO [acme.framework.utilities.DatabasePopulator] Validating workplan1 ... PASS
INFO [acme.framework.utilities.DatabasePopulator] Validating shout5 ... PASS
INFO [acme.framework.utilities.DatabasePopulator] Validating shout1 ... PASS
INFO [acme.framework.utilities.DatabasePopulator] Validating shout2 ... PASS
INFO [acme.framework.utilities.DatabasePopulator] Validating shout3 ... PASS
INFO [acme.framework.utilities.DatabasePopulator] Validating shout4 ... PASS
INFO [acme.framework.utilities.DatabasePopulator] Sorting your entities topologically.
INFO [acme.framework.utilities.DatabasePopulator] > Setting index 0 for spam.
INFO [acme.framework.utilities.DatabasePopulator] > Setting index 1 for spamWord1.
INFO [acme.framework.utilities.DatabasePopulator] > Setting index 2 for spamWord2.
INFO [acme.framework.utilities.DatabasePopulator] > Setting index 3 for spamWord3.
INFO [acme.framework.utilities.DatabasePopulator] > Setting index 4 for spamWord4.
INFO [acme.framework.utilities.DatabasePopulator] > Setting index 5 for spamWord5.
INFO [acme.framework.utilities.DatabasePopulator] > Setting index 6 for spamWord6.
INFO [acme.framework.utilities.DatabasePopulator] > Setting index 7 for spamWord7.
INFO [acme.framework.utilities.DatabasePopulator] > Setting index 8 for spamWord8.
INFO [acme.framework.utilities.DatabasePopulator] > Setting index 9 for spamWord9.
INFO [acme.framework.utilities.DatabasePopulator] > Setting index 10 for spamWord10.
INFO [acme.framework.utilities.DatabasePopulator] > Setting index 11 for spamWord11.
INFO [acme.framework.utilities.DatabasePopulator] > Setting index 12 for task1.
INFO [acme.framework.utilities.DatabasePopulator] > Setting index 13 for workplan1.
INFO [acme.framework.utilities.DatabasePopulator] > Setting index 14 for shout5.
INFO [acme.framework.utilities.DatabasePopulator] > Setting index 15 for shout1.
INFO [acme.framework.utilities.DatabasePopulator] > Setting index 16 for shout2.
INFO [acme.framework.utilities.DatabasePopulator] > Setting index 17 for shout3.
INFO [acme.framework.utilities.DatabasePopulator] > Setting index 18 for shout4.
INFO [acme.framework.utilities.DatabasePopulator] Persiting your entities.
INFO [acme.framework.utilities.DatabasePopulator] > Persisting spam = acme.entities.spam.Spam{id=6, version=0}
INFO [acme.framework.utilities.DatabasePopulator] > Persisting spamWord1 = acme.entities.spam.SpamWord{id=7, version=0}
INFO [acme.framework.utilities.DatabasePopulator] > Persisting spamWord2 = acme.entities.spam.SpamWord{id=8, version=0}
INFO [acme.framework.utilities.DatabasePopulator] > Persisting spamWord3 = acme.entities.spam.SpamWord{id=9, version=0}
INFO [acme.framework.utilities.DatabasePopulator] > Persisting spamWord4 = acme.entities.spam.SpamWord{id=10, version=0}
INFO [acme.framework.utilities.DatabasePopulator] > Persisting spamWord5 = acme.entities.spam.SpamWord{id=11, version=0}
INFO [acme.framework.utilities.DatabasePopulator] > Persisting spamWord6 = acme.entities.spam.SpamWord{id=12, version=0}
INFO [acme.framework.utilities.DatabasePopulator] > Persisting spamWord7 = acme.entities.spam.SpamWord{id=13, version=0}
INFO [acme.framework.utilities.DatabasePopulator] > Persisting spamWord8 = acme.entities.spam.SpamWord{id=14, version=0}
INFO [acme.framework.utilities.DatabasePopulator] > Persisting spamWord9 = acme.entities.spam.SpamWord{id=15, version=0}
INFO [acme.framework.utilities.DatabasePopulator] > Persisting spamWord10 = acme.entities.spam.SpamWord{id=16, version=0}
INFO [acme.framework.utilities.DatabasePopulator] > Persisting spamWord11 = acme.entities.spam.SpamWord{id=17, version=0}
INFO [acme.framework.utilities.DatabasePopulator] > Persisting task1 = acme.entities.task.Task{id=18, version=0}
INFO [acme.framework.utilities.DatabasePopulator] > Persisting workplan1 = acme.entities.workplan.Workplan{id=19, version=0}
INFO [acme.framework.utilities.DatabasePopulator] > Persisting shout5 = acme.entities.shouts.Shout{id=20, version=0}
INFO [acme.framework.utilities.DatabasePopulator] > Persisting shout1 = acme.entities.shouts.Shout{id=21, version=0}
INFO [acme.framework.utilities.DatabasePopulator] > Persisting shout2 = acme.entities.shouts.Shout{id=22, version=0}
INFO [acme.framework.utilities.DatabasePopulator] > Persisting shout3 = acme.entities.shouts.Shout{id=23, version=0}
INFO [acme.framework.utilities.DatabasePopulator] > Persisting shout4 = acme.entities.shouts.Shout{id=24, version=0}
INFO [acme.framework.configuration.ShutdownConfiguration] The system is shutting down...
WARN [org.springframework.boot.web.servlet.context.AnnotationConfigServletWebServerApplicationContext] Exception encountered during context initialization - cancelling refresh attempt: org.springframework.context.ApplicationContextException: Failed to start bean 'webServerStartStop'; nested exception is org.springframework.boot.web.server.PortInUseException: Port 8080 is already in use
ERROR [org.springframework.boot.diagnostics.LoggingFailureAnalysisReporter] ***************************
APPLICATION FAILED TO START
***************************
Description:
Web server failed to start. Port 8080 was already in use.
Action:
Identify and stop the process that's listening on port 8080 or configure this application to listen on another port.
INFO [acme.Launcher] Starting Launcher using Java 1.8.0_281 on LAPTOP-AleUniversidad with PID 9304 (C:\Users\aleru\OneDrive\Escritorio\Universidad\Asignaturas\Tercero\Diseno y Pruebas 2\Workspace-21.1\Projects\Acme-Planner\target\classes started by aleru in C:\Users\aleru\OneDrive\Escritorio\Universidad\Asignaturas\Tercero\Diseno y Pruebas 2\Workspace-21.1\Projects\Acme-Planner)
INFO [acme.Launcher] The following profiles are active: development,populator
INFO [acme.Launcher] Started Launcher in 20.757 seconds (JVM running for 22.622)
INFO [acme.framework.utilities.DatabasePopulator] Populating sample data
INFO [acme.framework.utilities.DatabasePopulator] Recreating schema
INFO [acme.framework.utilities.DatabasePopulator] Populating entities from classpath:/WEB-INF/population/initial-data.xml
INFO [acme.framework.utilities.DatabasePopulator] Validating your entities.
INFO [acme.framework.utilities.DatabasePopulator] Validating anonymousUserAccount ... PASS
INFO [acme.framework.utilities.DatabasePopulator] Validating anonymousAnonymous ... PASS
INFO [acme.framework.utilities.DatabasePopulator] Validating administratorUserAccount ... PASS
INFO [acme.framework.utilities.DatabasePopulator] Validating administratorAdministrator ... PASS
INFO [acme.framework.utilities.DatabasePopulator] Validating administratorAuthenticated ... PASS
INFO [acme.framework.utilities.DatabasePopulator] Sorting your entities topologically.
INFO [acme.framework.utilities.DatabasePopulator] > Setting index 0 for anonymousUserAccount.
INFO [acme.framework.utilities.DatabasePopulator] > Setting index 1 for anonymousAnonymous.
INFO [acme.framework.utilities.DatabasePopulator] > Setting index 2 for administratorUserAccount.
INFO [acme.framework.utilities.DatabasePopulator] > Setting index 3 for administratorAdministrator.
INFO [acme.framework.utilities.DatabasePopulator] > Setting index 4 for administratorAuthenticated.
INFO [acme.framework.utilities.DatabasePopulator] Persiting your entities.
INFO [acme.framework.utilities.DatabasePopulator] > Persisting anonymousUserAccount = acme.framework.entities.UserAccount{id=1, version=0}
INFO [acme.framework.utilities.DatabasePopulator] > Persisting anonymousAnonymous = acme.framework.entities.Anonymous{id=2, version=0}
INFO [acme.framework.utilities.DatabasePopulator] > Persisting administratorUserAccount = acme.framework.entities.UserAccount{id=3, version=0}
INFO [acme.framework.utilities.DatabasePopulator] > Persisting administratorAdministrator = acme.framework.entities.Administrator{id=4, version=0}
INFO [acme.framework.utilities.DatabasePopulator] > Persisting administratorAuthenticated = acme.framework.entities.Authenticated{id=5, version=0}
INFO [acme.framework.utilities.DatabasePopulator] Populating entities from classpath:/WEB-INF/population/sample-data.xml
INFO [acme.framework.utilities.DatabasePopulator] Validating your entities.
INFO [acme.framework.utilities.DatabasePopulator] Validating spam ... PASS
INFO [acme.framework.utilities.DatabasePopulator] Validating spamWord1 ... PASS
INFO [acme.framework.utilities.DatabasePopulator] Validating spamWord2 ... PASS
INFO [acme.framework.utilities.DatabasePopulator] Validating spamWord3 ... PASS
INFO [acme.framework.utilities.DatabasePopulator] Validating spamWord4 ... PASS
INFO [acme.framework.utilities.DatabasePopulator] Validating spamWord5 ... PASS
INFO [acme.framework.utilities.DatabasePopulator] Validating spamWord6 ... PASS
INFO [acme.framework.utilities.DatabasePopulator] Validating spamWord7 ... PASS
INFO [acme.framework.utilities.DatabasePopulator] Validating spamWord8 ... PASS
INFO [acme.framework.utilities.DatabasePopulator] Validating spamWord9 ... PASS
INFO [acme.framework.utilities.DatabasePopulator] Validating spamWord10 ... PASS
INFO [acme.framework.utilities.DatabasePopulator] Validating spamWord11 ... PASS
INFO [acme.framework.utilities.DatabasePopulator] Validating task1 ... PASS
INFO [acme.framework.utilities.DatabasePopulator] Validating workplan1 ... PASS
INFO [acme.framework.utilities.DatabasePopulator] Validating shout5 ... PASS
INFO [acme.framework.utilities.DatabasePopulator] Validating shout1 ... PASS
INFO [acme.framework.utilities.DatabasePopulator] Validating shout2 ... PASS
INFO [acme.framework.utilities.DatabasePopulator] Validating shout3 ... PASS
INFO [acme.framework.utilities.DatabasePopulator] Validating shout4 ... PASS
INFO [acme.framework.utilities.DatabasePopulator] Sorting your entities topologically.
INFO [acme.framework.utilities.DatabasePopulator] > Setting index 0 for spam.
INFO [acme.framework.utilities.DatabasePopulator] > Setting index 1 for spamWord1.
INFO [acme.framework.utilities.DatabasePopulator] > Setting index 2 for spamWord2.
INFO [acme.framework.utilities.DatabasePopulator] > Setting index 3 for spamWord3.
INFO [acme.framework.utilities.DatabasePopulator] > Setting index 4 for spamWord4.
INFO [acme.framework.utilities.DatabasePopulator] > Setting index 5 for spamWord5.
INFO [acme.framework.utilities.DatabasePopulator] > Setting index 6 for spamWord6.
INFO [acme.framework.utilities.DatabasePopulator] > Setting index 7 for spamWord7.
INFO [acme.framework.utilities.DatabasePopulator] > Setting index 8 for spamWord8.
INFO [acme.framework.utilities.DatabasePopulator] > Setting index 9 for spamWord9.
INFO [acme.framework.utilities.DatabasePopulator] > Setting index 10 for spamWord10.
INFO [acme.framework.utilities.DatabasePopulator] > Setting index 11 for spamWord11.
INFO [acme.framework.utilities.DatabasePopulator] > Setting index 12 for task1.
INFO [acme.framework.utilities.DatabasePopulator] > Setting index 13 for workplan1.
INFO [acme.framework.utilities.DatabasePopulator] > Setting index 14 for shout5.
INFO [acme.framework.utilities.DatabasePopulator] > Setting index 15 for shout1.
INFO [acme.framework.utilities.DatabasePopulator] > Setting index 16 for shout2.
INFO [acme.framework.utilities.DatabasePopulator] > Setting index 17 for shout3.
INFO [acme.framework.utilities.DatabasePopulator] > Setting index 18 for shout4.
INFO [acme.framework.utilities.DatabasePopulator] Persiting your entities.
INFO [acme.framework.utilities.DatabasePopulator] > Persisting spam = acme.entities.spam.Spam{id=6, version=0}
INFO [acme.framework.utilities.DatabasePopulator] > Persisting spamWord1 = acme.entities.spam.SpamWord{id=7, version=0}
INFO [acme.framework.utilities.DatabasePopulator] > Persisting spamWord2 = acme.entities.spam.SpamWord{id=8, version=0}
INFO [acme.framework.utilities.DatabasePopulator] > Persisting spamWord3 = acme.entities.spam.SpamWord{id=9, version=0}
INFO [acme.framework.utilities.DatabasePopulator] > Persisting spamWord4 = acme.entities.spam.SpamWord{id=10, version=0}
INFO [acme.framework.utilities.DatabasePopulator] > Persisting spamWord5 = acme.entities.spam.SpamWord{id=11, version=0}
INFO [acme.framework.utilities.DatabasePopulator] > Persisting spamWord6 = acme.entities.spam.SpamWord{id=12, version=0}
INFO [acme.framework.utilities.DatabasePopulator] > Persisting spamWord7 = acme.entities.spam.SpamWord{id=13, version=0}
INFO [acme.framework.utilities.DatabasePopulator] > Persisting spamWord8 = acme.entities.spam.SpamWord{id=14, version=0}
INFO [acme.framework.utilities.DatabasePopulator] > Persisting spamWord9 = acme.entities.spam.SpamWord{id=15, version=0}
INFO [acme.framework.utilities.DatabasePopulator] > Persisting spamWord10 = acme.entities.spam.SpamWord{id=16, version=0}
INFO [acme.framework.utilities.DatabasePopulator] > Persisting spamWord11 = acme.entities.spam.SpamWord{id=17, version=0}
INFO [acme.framework.utilities.DatabasePopulator] > Persisting task1 = acme.entities.task.Task{id=18, version=0}
INFO [acme.framework.utilities.DatabasePopulator] > Persisting workplan1 = acme.entities.workplan.Workplan{id=19, version=0}
INFO [acme.framework.utilities.DatabasePopulator] > Persisting shout5 = acme.entities.shouts.Shout{id=20, version=0}
INFO [acme.framework.utilities.DatabasePopulator] > Persisting shout1 = acme.entities.shouts.Shout{id=21, version=0}
INFO [acme.framework.utilities.DatabasePopulator] > Persisting shout2 = acme.entities.shouts.Shout{id=22, version=0}
INFO [acme.framework.utilities.DatabasePopulator] > Persisting shout3 = acme.entities.shouts.Shout{id=23, version=0}
INFO [acme.framework.utilities.DatabasePopulator] > Persisting shout4 = acme.entities.shouts.Shout{id=24, version=0}
INFO [acme.framework.configuration.ShutdownConfiguration] The system is shutting down...
INFO [acme.Launcher] Starting Launcher using Java 1.8.0_281 on Alvaro with PID 1676 (C:\Users\alvar\Desktop\Workspace-21.1\Projects\Acme-Planner\target\classes started by alvar in C:\Users\alvar\Desktop\Workspace-21.1\Projects\Acme-Planner)
INFO [acme.Launcher] The following profiles are active: development,populator
INFO [acme.Launcher] Started Launcher in 13.514 seconds (JVM running for 14.838)
INFO [acme.framework.utilities.DatabasePopulator] Populating initial data
INFO [acme.framework.utilities.DatabasePopulator] Recreating schema
INFO [acme.framework.utilities.DatabasePopulator] Populating entities from classpath:/WEB-INF/population/initial-data.xml
INFO [acme.framework.utilities.DatabasePopulator] Validating your entities.
INFO [acme.framework.utilities.DatabasePopulator] Validating anonymousUserAccount ... PASS
INFO [acme.framework.utilities.DatabasePopulator] Validating anonymousAnonymous ... PASS
INFO [acme.framework.utilities.DatabasePopulator] Validating administratorUserAccount ... PASS
INFO [acme.framework.utilities.DatabasePopulator] Validating administratorAdministrator ... PASS
INFO [acme.framework.utilities.DatabasePopulator] Validating administratorAuthenticated ... PASS
INFO [acme.framework.utilities.DatabasePopulator] Sorting your entities topologically.
INFO [acme.framework.utilities.DatabasePopulator] > Setting index 0 for anonymousUserAccount.
INFO [acme.framework.utilities.DatabasePopulator] > Setting index 1 for anonymousAnonymous.
INFO [acme.framework.utilities.DatabasePopulator] > Setting index 2 for administratorUserAccount.
INFO [acme.framework.utilities.DatabasePopulator] > Setting index 3 for administratorAdministrator.
INFO [acme.framework.utilities.DatabasePopulator] > Setting index 4 for administratorAuthenticated.
INFO [acme.framework.utilities.DatabasePopulator] Persiting your entities.
INFO [acme.framework.utilities.DatabasePopulator] > Persisting anonymousUserAccount = acme.framework.entities.UserAccount{id=1, version=0}
INFO [acme.framework.utilities.DatabasePopulator] > Persisting anonymousAnonymous = acme.framework.entities.Anonymous{id=2, version=0}
INFO [acme.framework.utilities.DatabasePopulator] > Persisting administratorUserAccount = acme.framework.entities.UserAccount{id=3, version=0}
INFO [acme.framework.utilities.DatabasePopulator] > Persisting administratorAdministrator = acme.framework.entities.Administrator{id=4, version=0}
INFO [acme.framework.utilities.DatabasePopulator] > Persisting administratorAuthenticated = acme.framework.entities.Authenticated{id=5, version=0}
INFO [acme.framework.configuration.ShutdownConfiguration] The system is shutting down...
ERROR [org.apache.jsp.WEB_002dINF.views.framework.panic_jsp] HTTP GET /Acme-Planner/WEB-INF/views/framework/page.jsp HTTP/1.1
ERROR [org.apache.jsp.WEB_002dINF.views.framework.panic_jsp] Status: 404
ERROR [org.apache.jsp.WEB_002dINF.views.framework.panic_jsp] HTTP GET /Acme-Planner/WEB-INF/views/framework/page.jsp HTTP/1.1
ERROR [org.apache.jsp.WEB_002dINF.views.framework.panic_jsp] Status: 404
